2025-04-09T19:35:20.985777Z	Cloning repository...
2025-04-09T19:35:21.917627Z	From https://github.com/Kotiba/Swefish
2025-04-09T19:35:21.918097Z	 * branch            39563f186c301d256d5fcc9e52911a0ab402fff5 -> FETCH_HEAD
2025-04-09T19:35:21.918205Z	
2025-04-09T19:35:21.972192Z	HEAD is now at 39563f1 installed vaul drawer react library
2025-04-09T19:35:21.972644Z	
2025-04-09T19:35:22.054222Z	
2025-04-09T19:35:22.054781Z	Using v2 root directory strategy
2025-04-09T19:35:22.075961Z	Success: Finished cloning repository files
2025-04-09T19:35:23.777977Z	Checking for configuration in a Wrangler configuration file (BETA)
2025-04-09T19:35:23.778622Z	
2025-04-09T19:35:24.889073Z	No wrangler.toml file found. Continuing.
2025-04-09T19:35:24.954815Z	Detected the following tools from environment: npm@9.6.7, nodejs@18.17.1
2025-04-09T19:35:24.955381Z	Installing project dependencies: npm clean-install --progress=false
2025-04-09T19:35:26.333213Z	npm WARN EBADENGINE Unsupported engine {
2025-04-09T19:35:26.333488Z	npm WARN EBADENGINE   package: 'glob@11.0.1',
2025-04-09T19:35:26.333591Z	npm WARN EBADENGINE   required: { node: '20 || >=22' },
2025-04-09T19:35:26.333663Z	npm WARN EBADENGINE   current: { node: 'v18.17.1', npm: '9.6.7' }
2025-04-09T19:35:26.333781Z	npm WARN EBADENGINE }
2025-04-09T19:35:26.334653Z	npm WARN EBADENGINE Unsupported engine {
2025-04-09T19:35:26.334846Z	npm WARN EBADENGINE   package: 'jackspeak@4.1.0',
2025-04-09T19:35:26.334933Z	npm WARN EBADENGINE   required: { node: '20 || >=22' },
2025-04-09T19:35:26.3353Z	npm WARN EBADENGINE   current: { node: 'v18.17.1', npm: '9.6.7' }
2025-04-09T19:35:26.335487Z	npm WARN EBADENGINE }
2025-04-09T19:35:26.336219Z	npm WARN EBADENGINE Unsupported engine {
2025-04-09T19:35:26.336376Z	npm WARN EBADENGINE   package: 'lru-cache@11.0.2',
2025-04-09T19:35:26.336458Z	npm WARN EBADENGINE   required: { node: '20 || >=22' },
2025-04-09T19:35:26.336597Z	npm WARN EBADENGINE   current: { node: 'v18.17.1', npm: '9.6.7' }
2025-04-09T19:35:26.336775Z	npm WARN EBADENGINE }
2025-04-09T19:35:26.337515Z	npm WARN EBADENGINE Unsupported engine {
2025-04-09T19:35:26.337682Z	npm WARN EBADENGINE   package: 'minimatch@10.0.1',
2025-04-09T19:35:26.337816Z	npm WARN EBADENGINE   required: { node: '20 || >=22' },
2025-04-09T19:35:26.337938Z	npm WARN EBADENGINE   current: { node: 'v18.17.1', npm: '9.6.7' }
2025-04-09T19:35:26.338051Z	npm WARN EBADENGINE }
2025-04-09T19:35:26.338512Z	npm WARN EBADENGINE Unsupported engine {
2025-04-09T19:35:26.338706Z	npm WARN EBADENGINE   package: 'path-scurry@2.0.0',
2025-04-09T19:35:26.338878Z	npm WARN EBADENGINE   required: { node: '20 || >=22' },
2025-04-09T19:35:26.339009Z	npm WARN EBADENGINE   current: { node: 'v18.17.1', npm: '9.6.7' }
2025-04-09T19:35:26.339153Z	npm WARN EBADENGINE }
2025-04-09T19:35:26.339429Z	npm WARN EBADENGINE Unsupported engine {
2025-04-09T19:35:26.339613Z	npm WARN EBADENGINE   package: 'rimraf@6.0.1',
2025-04-09T19:35:26.339764Z	npm WARN EBADENGINE   required: { node: '20 || >=22' },
2025-04-09T19:35:26.339895Z	npm WARN EBADENGINE   current: { node: 'v18.17.1', npm: '9.6.7' }
2025-04-09T19:35:26.340014Z	npm WARN EBADENGINE }
2025-04-09T19:35:26.340836Z	npm WARN EBADENGINE Unsupported engine {
2025-04-09T19:35:26.341035Z	npm WARN EBADENGINE   package: 'yocto-spinner@0.2.1',
2025-04-09T19:35:26.341156Z	npm WARN EBADENGINE   required: { node: '>=18.19' },
2025-04-09T19:35:26.341297Z	npm WARN EBADENGINE   current: { node: 'v18.17.1', npm: '9.6.7' }
2025-04-09T19:35:26.341479Z	npm WARN EBADENGINE }
2025-04-09T19:35:35.457223Z	
2025-04-09T19:35:35.457506Z	added 650 packages, and audited 651 packages in 10s
2025-04-09T19:35:35.457901Z	
2025-04-09T19:35:35.4581Z	237 packages are looking for funding
2025-04-09T19:35:35.458253Z	  run `npm fund` for details
2025-04-09T19:35:35.466129Z	
2025-04-09T19:35:35.466321Z	1 moderate severity vulnerability
2025-04-09T19:35:35.466447Z	
2025-04-09T19:35:35.466559Z	To address all issues, run:
2025-04-09T19:35:35.466682Z	  npm audit fix
2025-04-09T19:35:35.466845Z	
2025-04-09T19:35:35.466999Z	Run `npm audit` for details.
2025-04-09T19:35:35.487683Z	Executing user command: npm run build
2025-04-09T19:35:36.012627Z	
2025-04-09T19:35:36.013113Z	> screwfast-template@0.0.1 build
2025-04-09T19:35:36.013282Z	> astro check && astro build && node process-html.mjs
2025-04-09T19:35:36.013403Z	
2025-04-09T19:35:38.865692Z	19:35:38 [content] Syncing content
2025-04-09T19:35:39.177491Z	19:35:39 [content] Synced content
2025-04-09T19:35:39.178409Z	19:35:39 [types] Generated 949ms
2025-04-09T19:35:39.18592Z	19:35:39 [check] Getting diagnostics for Astro files in /opt/buildhome/repo...
2025-04-09T19:35:44.642754Z	[96msrc/assets/scripts/lenisSmoothScroll.js[0m:[93m7[0m:[93m7[0m - [93mwarning[0m[90m ts(6133): [0m'lenis' is declared but its value is never read.
2025-04-09T19:35:44.643112Z	
2025-04-09T19:35:44.643219Z	[7m7[0m const lenis = new Lenis({
2025-04-09T19:35:44.643502Z	[7m [0m [93m      ~~~~~[0m
2025-04-09T19:35:44.643596Z	
2025-04-09T19:35:44.839908Z	[96msrc/components/Meta.astro[0m:[93m42[0m:[93m21[0m - [93mwarning[0m[90m ts(6133): [0m'lang' is declared but its value is never read.
2025-04-09T19:35:44.840232Z	
2025-04-09T19:35:44.840381Z	[7m42[0m function createHref(lang: string, prefix: string, path: string): string {
2025-04-09T19:35:44.840504Z	[7m  [0m [93m                    ~~~~[0m
2025-04-09T19:35:44.840606Z	[96msrc/components/Meta.astro[0m:[93m27[0m:[93m7[0m - [93mwarning[0m[90m ts(6133): [0m'basePath' is declared but its value is never read.
2025-04-09T19:35:44.840715Z	
2025-04-09T19:35:44.840845Z	[7m27[0m const basePath = Astro.url.pathname;
2025-04-09T19:35:44.84094Z	[7m  [0m [93m      ~~~~~~~~[0m
2025-04-09T19:35:44.841055Z	[96msrc/components/Meta.astro[0m:[93m81[0m:[93m7[0m - [93mwarning[0m[90m astro(4000): [0mThis script will be treated as if it has the `is:inline` directive because it contains an attribute. Therefore, features that require processing (e.g. using TypeScript or npm packages in the script) are unavailable.
2025-04-09T19:35:44.841177Z	
2025-04-09T19:35:44.8413Z	See docs for more details: https://docs.astro.build/en/guides/client-side-scripts/#script-processing.
2025-04-09T19:35:44.841393Z	
2025-04-09T19:35:44.841495Z	Add the `is:inline` directive explicitly to silence this hint.
2025-04-09T19:35:44.841601Z	
2025-04-09T19:35:44.841802Z	[7m81[0m       type="application/ld+json"
2025-04-09T19:35:44.841911Z	[7m  [0m [93m      ~~~~[0m
2025-04-09T19:35:44.84202Z	
2025-04-09T19:35:45.149921Z	[96msrc/components/Menu/MenuItem.astro[0m:[93m33[0m:[93m1[0m - [93mwarning[0m[90m ts(6133): [0m'birell' is declared but its value is never read.
2025-04-09T19:35:45.150238Z	
2025-04-09T19:35:45.150405Z	[7m33[0m import birell from "../../images/products/Birell Malt Drink Can.jpg";
2025-04-09T19:35:45.150532Z	[7m  [0m [93m~~~~~~~~~~~~~~~~~~~~~~~~~~~~~~~~~~~~~~~~~~~~~~~~~~~~~~~~~~~~~~~~~~~~~[0m
2025-04-09T19:35:45.150632Z	[96msrc/components/Menu/MenuItem.astro[0m:[93m32[0m:[93m1[0m - [93mwarning[0m[90m ts(6133): [0m'barbecueSauce' is declared but its value is never read.
2025-04-09T19:35:45.150901Z	
2025-04-09T19:35:45.15117Z	[7m32[0m import barbecueSauce from "../../images/products/Barbecue Sauce.jpg";
2025-04-09T19:35:45.151276Z	[7m  [0m [93m~~~~~~~~~~~~~~~~~~~~~~~~~~~~~~~~~~~~~~~~~~~~~~~~~~~~~~~~~~~~~~~~~~~~~[0m
2025-04-09T19:35:45.151384Z	[96msrc/components/Menu/MenuItem.astro[0m:[93m31[0m:[93m1[0m - [93mwarning[0m[90m ts(6133): [0m'sevenUp' is declared but its value is never read.
2025-04-09T19:35:45.151505Z	
2025-04-09T19:35:45.151641Z	[7m31[0m import sevenUp from "../../images/products/7UP.jpg";
2025-04-09T19:35:45.151796Z	[7m  [0m [93m~~~~~~~~~~~~~~~~~~~~~~~~~~~~~~~~~~~~~~~~~~~~~~~~~~~~[0m
2025-04-09T19:35:45.151968Z	[96msrc/components/Menu/MenuItem.astro[0m:[93m30[0m:[93m1[0m - [93mwarning[0m[90m ts(6133): [0m'specialRice' is declared but its value is never read.
2025-04-09T19:35:45.152053Z	
2025-04-09T19:35:45.152209Z	[7m30[0m import specialRice from "../../images/products/SWEFISH Special Rice Large.jpg";
2025-04-09T19:35:45.152375Z	[7m  [0m [93m~~~~~~~~~~~~~~~~~~~~~~~~~~~~~~~~~~~~~~~~~~~~~~~~~~~~~~~~~~~~~~~~~~~~~~~~~~~~~~~[0m
2025-04-09T19:35:45.152489Z	[96msrc/components/Menu/MenuItem.astro[0m:[93m29[0m:[93m1[0m - [93mwarning[0m[90m ts(6133): [0m'shrimpBisque' is declared but its value is never read.
2025-04-09T19:35:45.152586Z	
2025-04-09T19:35:45.152683Z	[7m29[0m import shrimpBisque from "../../images/products/Shrimp Bisque Soup.jpg";
2025-04-09T19:35:45.152812Z	[7m  [0m [93m~~~~~~~~~~~~~~~~~~~~~~~~~~~~~~~~~~~~~~~~~~~~~~~~~~~~~~~~~~~~~~~~~~~~~~~~[0m
2025-04-09T19:35:45.15294Z	[96msrc/components/Menu/MenuItem.astro[0m:[93m28[0m:[93m1[0m - [93mwarning[0m[90m ts(6133): [0m'roquefortSauce' is declared but its value is never read.
2025-04-09T19:35:45.153063Z	
2025-04-09T19:35:45.153159Z	[7m28[0m import roquefortSauce from "../../images/products/Roquefort Sauce.jpg";
2025-04-09T19:35:45.153283Z	[7m  [0m [93m~~~~~~~~~~~~~~~~~~~~~~~~~~~~~~~~~~~~~~~~~~~~~~~~~~~~~~~~~~~~~~~~~~~~~~~[0m
2025-04-09T19:35:45.153397Z	[96msrc/components/Menu/MenuItem.astro[0m:[93m27[0m:[93m1[0m - [93mwarning[0m[90m ts(6133): [0m'pepsi' is declared but its value is never read.
2025-04-09T19:35:45.1535Z	
2025-04-09T19:35:45.1536Z	[7m27[0m import pepsi from "../../images/products/Pepsi.jpg";
2025-04-09T19:35:45.153691Z	[7m  [0m [93m~~~~~~~~~~~~~~~~~~~~~~~~~~~~~~~~~~~~~~~~~~~~~~~~~~~~[0m
2025-04-09T19:35:45.153798Z	[96msrc/components/Menu/MenuItem.astro[0m:[93m26[0m:[93m1[0m - [93mwarning[0m[90m ts(6133): [0m'pepsiDiet' is declared but its value is never read.
2025-04-09T19:35:45.153875Z	
2025-04-09T19:35:45.154101Z	[7m26[0m import pepsiDiet from "../../images/products/Pepsi Diet.jpg";
2025-04-09T19:35:45.154175Z	[7m  [0m [93m~~~~~~~~~~~~~~~~~~~~~~~~~~~~~~~~~~~~~~~~~~~~~~~~~~~~~~~~~~~~~[0m
2025-04-09T19:35:45.15424Z	[96msrc/components/Menu/MenuItem.astro[0m:[93m25[0m:[93m1[0m - [93mwarning[0m[90m ts(6133): [0m'mirinda' is declared but its value is never read.
2025-04-09T19:35:45.154444Z	
2025-04-09T19:35:45.15468Z	[7m25[0m import mirinda from "../../images/products/Mirinda Orange.jpg";
2025-04-09T19:35:45.154825Z	[7m  [0m [93m~~~~~~~~~~~~~~~~~~~~~~~~~~~~~~~~~~~~~~~~~~~~~~~~~~~~~~~~~~~~~~~[0m
2025-04-09T19:35:45.154922Z	[96msrc/components/Menu/MenuItem.astro[0m:[93m24[0m:[93m1[0m - [93mwarning[0m[90m ts(6133): [0m'mineralWater' is declared but its value is never read.
2025-04-09T19:35:45.154989Z	
2025-04-09T19:35:45.155051Z	[7m24[0m import mineralWater from "../../images/products/Mineral Water.jpg";
2025-04-09T19:35:45.155118Z	[7m  [0m [93m~~~~~~~~~~~~~~~~~~~~~~~~~~~~~~~~~~~~~~~~~~~~~~~~~~~~~~~~~~~~~~~~~~~[0m
2025-04-09T19:35:45.155176Z	[96msrc/components/Menu/MenuItem.astro[0m:[93m23[0m:[93m1[0m - [93mwarning[0m[90m ts(6133): [0m'lemonGarlicSauce' is declared but its value is never read.
2025-04-09T19:35:45.155231Z	
2025-04-09T19:35:45.155286Z	[7m23[0m import lemonGarlicSauce from "../../images/products/Lemon Garlic Butter Sauce Large.jpg";
2025-04-09T19:35:45.15534Z	[7m  [0m [93m~~~~~~~~~~~~~~~~~~~~~~~~~~~~~~~~~~~~~~~~~~~~~~~~~~~~~~~~~~~~~~~~~~~~~~~~~~~~~~~~~~~~~~~~~[0m
2025-04-09T19:35:45.155396Z	[96msrc/components/Menu/MenuItem.astro[0m:[93m22[0m:[93m1[0m - [93mwarning[0m[90m ts(6133): [0m'kidsMeal' is declared but its value is never read.
2025-04-09T19:35:45.155452Z	
2025-04-09T19:35:45.155511Z	[7m22[0m import kidsMeal from "../../images/products/Kids Meal.jpg";
2025-04-09T19:35:45.155567Z	[7m  [0m [93m~~~~~~~~~~~~~~~~~~~~~~~~~~~~~~~~~~~~~~~~~~~~~~~~~~~~~~~~~~~[0m
2025-04-09T19:35:45.155627Z	[96msrc/components/Menu/MenuItem.astro[0m:[93m21[0m:[93m1[0m - [93mwarning[0m[90m ts(6133): [0m'honeyMustard' is declared but its value is never read.
2025-04-09T19:35:45.155681Z	
2025-04-09T19:35:45.155785Z	[7m21[0m import honeyMustard from "../../images/products/Honey Mustard.jpg";
2025-04-09T19:35:45.155891Z	[7m  [0m [93m~~~~~~~~~~~~~~~~~~~~~~~~~~~~~~~~~~~~~~~~~~~~~~~~~~~~~~~~~~~~~~~~~~~[0m
2025-04-09T19:35:45.155954Z	[96msrc/components/Menu/MenuItem.astro[0m:[93m20[0m:[93m1[0m - [93mwarning[0m[90m ts(6133): [0m'grilledOliveOil' is declared but its value is never read.
2025-04-09T19:35:45.15601Z	
2025-04-09T19:35:45.156066Z	[7m20[0m import grilledOliveOil from "../../images/products/Grilled With Olive Oil & Lemon.jpg";
2025-04-09T19:35:45.156121Z	[7m  [0m [93m~~~~~~~~~~~~~~~~~~~~~~~~~~~~~~~~~~~~~~~~~~~~~~~~~~~~~~~~~~~~~~~~~~~~~~~~~~~~~~~~~~~~~~~[0m
2025-04-09T19:35:45.156177Z	[96msrc/components/Menu/MenuItem.astro[0m:[93m19[0m:[93m1[0m - [93mwarning[0m[90m ts(6133): [0m'grilledLemonGarlic' is declared but its value is never read.
2025-04-09T19:35:45.156241Z	
2025-04-09T19:35:45.156296Z	[7m19[0m import grilledLemonGarlic from "../../images/products/Grilled With Lemon Garlic Butter Sauce.jpg";
2025-04-09T19:35:45.156358Z	[7m  [0m [93m~~~~~~~~~~~~~~~~~~~~~~~~~~~~~~~~~~~~~~~~~~~~~~~~~~~~~~~~~~~~~~~~~~~~~~~~~~~~~~~~~~~~~~~~~~~~~~~~~~[0m
2025-04-09T19:35:45.15642Z	[96msrc/components/Menu/MenuItem.astro[0m:[93m18[0m:[93m1[0m - [93mwarning[0m[90m ts(6133): [0m'greenSalad' is declared but its value is never read.
2025-04-09T19:35:45.156474Z	
2025-04-09T19:35:45.156531Z	[7m18[0m import greenSalad from "../../images/products/Green Salad WIth Mustard Vinaigrette Dressing.jpg";
2025-04-09T19:35:45.156593Z	[7m  [0m [93m~~~~~~~~~~~~~~~~~~~~~~~~~~~~~~~~~~~~~~~~~~~~~~~~~~~~~~~~~~~~~~~~~~~~~~~~~~~~~~~~~~~~~~~~~~~~~~~~~[0m
2025-04-09T19:35:45.156649Z	[96msrc/components/Menu/MenuItem.astro[0m:[93m17[0m:[93m1[0m - [93mwarning[0m[90m ts(6133): [0m'fries' is declared but its value is never read.
2025-04-09T19:35:45.156849Z	
2025-04-09T19:35:45.156991Z	[7m17[0m import fries from "../../images/products/Fries Packet.jpg";
2025-04-09T19:35:45.157083Z	[7m  [0m [93m~~~~~~~~~~~~~~~~~~~~~~~~~~~~~~~~~~~~~~~~~~~~~~~~~~~~~~~~~~~[0m
2025-04-09T19:35:45.157155Z	[96msrc/components/Menu/MenuItem.astro[0m:[93m16[0m:[93m1[0m - [93mwarning[0m[90m ts(6133): [0m'friedFish' is declared but its value is never read.
2025-04-09T19:35:45.157213Z	
2025-04-09T19:35:45.157267Z	[7m16[0m import friedFish from "../../images/products/Fried Fish Fillet.jpg";
2025-04-09T19:35:45.157321Z	[7m  [0m [93m~~~~~~~~~~~~~~~~~~~~~~~~~~~~~~~~~~~~~~~~~~~~~~~~~~~~~~~~~~~~~~~~~~~~[0m
2025-04-09T19:35:45.157374Z	[96msrc/components/Menu/MenuItem.astro[0m:[93m15[0m:[93m1[0m - [93mwarning[0m[90m ts(6133): [0m'coleslaw' is declared but its value is never read.
2025-04-09T19:35:45.157428Z	
2025-04-09T19:35:45.157482Z	[7m15[0m import coleslaw from "../../images/products/Coleslaw.jpg";
2025-04-09T19:35:45.157535Z	[7m  [0m [93m~~~~~~~~~~~~~~~~~~~~~~~~~~~~~~~~~~~~~~~~~~~~~~~~~~~~~~~~~~[0m
2025-04-09T19:35:45.157595Z	[96msrc/components/Menu/MenuItem.astro[0m:[93m14[0m:[93m1[0m - [93mwarning[0m[90m ts(6133): [0m'cheddarSauce' is declared but its value is never read.
2025-04-09T19:35:45.157758Z	
2025-04-09T19:35:45.157911Z	[7m14[0m import cheddarSauce from "../../images/products/Cheddar Sauce.jpg";
2025-04-09T19:35:45.158083Z	[7m  [0m [93m~~~~~~~~~~~~~~~~~~~~~~~~~~~~~~~~~~~~~~~~~~~~~~~~~~~~~~~~~~~~~~~~~~~[0m
2025-04-09T19:35:45.158394Z	[96msrc/components/Menu/MenuItem.astro[0m:[93m13[0m:[93m1[0m - [93mwarning[0m[90m ts(6133): [0m'tartarSauce' is declared but its value is never read.
2025-04-09T19:35:45.15848Z	
2025-04-09T19:35:45.158603Z	[7m13[0m import tartarSauce from "../../images/products/Capers Tartar Sauce.jpg";
2025-04-09T19:35:45.158782Z	[7m  [0m [93m~~~~~~~~~~~~~~~~~~~~~~~~~~~~~~~~~~~~~~~~~~~~~~~~~~~~~~~~~~~~~~~~~~~~~~~~[0m
2025-04-09T19:35:45.158856Z	[96msrc/components/Menu/MenuItem.astro[0m:[93m12[0m:[93m1[0m - [93mwarning[0m[90m ts(6133): [0m'fishAndChips' is declared but its value is never read.
2025-04-09T19:35:45.158938Z	
2025-04-09T19:35:45.159104Z	[7m12[0m import fishAndChips from "../../images/products/The Fish & Chips.jpg";
2025-04-09T19:35:45.159241Z	[7m  [0m [93m~~~~~~~~~~~~~~~~~~~~~~~~~~~~~~~~~~~~~~~~~~~~~~~~~~~~~~~~~~~~~~~~~~~~~~[0m
2025-04-09T19:35:45.159377Z	[96msrc/components/Menu/MenuItem.astro[0m:[93m11[0m:[93m1[0m - [93mwarning[0m[90m ts(6133): [0m'specialVeggies' is declared but its value is never read.
2025-04-09T19:35:45.15952Z	
2025-04-09T19:35:45.159664Z	[7m11[0m import specialVeggies from "../../images/products/Swefish Special Vegetables.jpg";
2025-04-09T19:35:45.159801Z	[7m  [0m [93m~~~~~~~~~~~~~~~~~~~~~~~~~~~~~~~~~~~~~~~~~~~~~~~~~~~~~~~~~~~~~~~~~~~~~~~~~~~~~~~~~~[0m
2025-04-09T19:35:45.15991Z	[96msrc/components/Menu/MenuItem.astro[0m:[93m10[0m:[93m1[0m - [93mwarning[0m[90m ts(6133): [0m'specialBread' is declared but its value is never read.
2025-04-09T19:35:45.160013Z	
2025-04-09T19:35:45.160118Z	[7m10[0m import specialBread from "../../images/products/Swefish Special Bread.jpg";
2025-04-09T19:35:45.160258Z	[7m  [0m [93m~~~~~~~~~~~~~~~~~~~~~~~~~~~~~~~~~~~~~~~~~~~~~~~~~~~~~~~~~~~~~~~~~~~~~~~~~~~[0m
2025-04-09T19:35:45.160374Z	[96msrc/components/Menu/MenuItem.astro[0m:[93m9[0m:[93m1[0m - [93mwarning[0m[90m ts(6133): [0m'sweetChili' is declared but its value is never read.
2025-04-09T19:35:45.160524Z	
2025-04-09T19:35:45.160603Z	[7m9[0m import sweetChili from "../../images/products/Sweet Chili.jpg";
2025-04-09T19:35:45.160786Z	[7m [0m [93m~~~~~~~~~~~~~~~~~~~~~~~~~~~~~~~~~~~~~~~~~~~~~~~~~~~~~~~~~~~~~~~[0m
2025-04-09T19:35:45.160896Z	[96msrc/components/Menu/MenuItem.astro[0m:[93m8[0m:[93m1[0m - [93mwarning[0m[90m ts(6133): [0m'srirachaTahini' is declared but its value is never read.
2025-04-09T19:35:45.160965Z	
2025-04-09T19:35:45.161283Z	[7m8[0m import srirachaTahini from "../../images/products/Sriracha Tahini.jpg";
2025-04-09T19:35:45.161555Z	[7m [0m [93m~~~~~~~~~~~~~~~~~~~~~~~~~~~~~~~~~~~~~~~~~~~~~~~~~~~~~~~~~~~~~~~~~~~~~~~[0m
2025-04-09T19:35:45.161788Z	
2025-04-09T19:35:45.306749Z	[96msrc/components/Menu/Navbar.astro[0m:[93m292[0m:[93m9[0m - [93mwarning[0m[90m ts(6133): [0m'touchStartX' is declared but its value is never read.
2025-04-09T19:35:45.307136Z	
2025-04-09T19:35:45.307251Z	[7m292[0m     let touchStartX = 0;
2025-04-09T19:35:45.307315Z	[7m   [0m [93m        ~~~~~~~~~~~[0m
2025-04-09T19:35:45.307379Z	
2025-04-09T19:35:45.396681Z	[96msrc/components/MenuItems/MenuItem1.astro[0m:[93m33[0m:[93m1[0m - [93mwarning[0m[90m ts(6133): [0m'birell' is declared but its value is never read.
2025-04-09T19:35:45.396948Z	
2025-04-09T19:35:45.397098Z	[7m33[0m import birell from "../../images/products/Birell Malt Drink Can.jpg";
2025-04-09T19:35:45.39721Z	[7m  [0m [93m~~~~~~~~~~~~~~~~~~~~~~~~~~~~~~~~~~~~~~~~~~~~~~~~~~~~~~~~~~~~~~~~~~~~~[0m
2025-04-09T19:35:45.397312Z	[96msrc/components/MenuItems/MenuItem1.astro[0m:[93m32[0m:[93m1[0m - [93mwarning[0m[90m ts(6133): [0m'barbecueSauce' is declared but its value is never read.
2025-04-09T19:35:45.397417Z	
2025-04-09T19:35:45.397497Z	[7m32[0m import barbecueSauce from "../../images/products/Barbecue Sauce.jpg";
2025-04-09T19:35:45.397558Z	[7m  [0m [93m~~~~~~~~~~~~~~~~~~~~~~~~~~~~~~~~~~~~~~~~~~~~~~~~~~~~~~~~~~~~~~~~~~~~~[0m
2025-04-09T19:35:45.398043Z	[96msrc/components/MenuItems/MenuItem1.astro[0m:[93m31[0m:[93m1[0m - [93mwarning[0m[90m ts(6133): [0m'sevenUp' is declared but its value is never read.
2025-04-09T19:35:45.398147Z	
2025-04-09T19:35:45.398212Z	[7m31[0m import sevenUp from "../../images/products/7UP.jpg";
2025-04-09T19:35:45.398331Z	[7m  [0m [93m~~~~~~~~~~~~~~~~~~~~~~~~~~~~~~~~~~~~~~~~~~~~~~~~~~~~[0m
2025-04-09T19:35:45.398445Z	[96msrc/components/MenuItems/MenuItem1.astro[0m:[93m30[0m:[93m1[0m - [93mwarning[0m[90m ts(6133): [0m'specialRice' is declared but its value is never read.
2025-04-09T19:35:45.398543Z	
2025-04-09T19:35:45.398648Z	[7m30[0m import specialRice from "../../images/products/SWEFISH Special Rice Large.jpg";
2025-04-09T19:35:45.398769Z	[7m  [0m [93m~~~~~~~~~~~~~~~~~~~~~~~~~~~~~~~~~~~~~~~~~~~~~~~~~~~~~~~~~~~~~~~~~~~~~~~~~~~~~~~[0m
2025-04-09T19:35:45.398842Z	[96msrc/components/MenuItems/MenuItem1.astro[0m:[93m29[0m:[93m1[0m - [93mwarning[0m[90m ts(6133): [0m'shrimpBisque' is declared but its value is never read.
2025-04-09T19:35:45.398922Z	
2025-04-09T19:35:45.399028Z	[7m29[0m import shrimpBisque from "../../images/products/Shrimp Bisque Soup.jpg";
2025-04-09T19:35:45.399128Z	[7m  [0m [93m~~~~~~~~~~~~~~~~~~~~~~~~~~~~~~~~~~~~~~~~~~~~~~~~~~~~~~~~~~~~~~~~~~~~~~~~[0m
2025-04-09T19:35:45.399217Z	[96msrc/components/MenuItems/MenuItem1.astro[0m:[93m28[0m:[93m1[0m - [93mwarning[0m[90m ts(6133): [0m'roquefortSauce' is declared but its value is never read.
2025-04-09T19:35:45.399339Z	
2025-04-09T19:35:45.399416Z	[7m28[0m import roquefortSauce from "../../images/products/Roquefort Sauce.jpg";
2025-04-09T19:35:45.399508Z	[7m  [0m [93m~~~~~~~~~~~~~~~~~~~~~~~~~~~~~~~~~~~~~~~~~~~~~~~~~~~~~~~~~~~~~~~~~~~~~~~[0m
2025-04-09T19:35:45.399606Z	[96msrc/components/MenuItems/MenuItem1.astro[0m:[93m27[0m:[93m1[0m - [93mwarning[0m[90m ts(6133): [0m'pepsi' is declared but its value is never read.
2025-04-09T19:35:45.399712Z	
2025-04-09T19:35:45.399822Z	[7m27[0m import pepsi from "../../images/products/Pepsi.jpg";
2025-04-09T19:35:45.39993Z	[7m  [0m [93m~~~~~~~~~~~~~~~~~~~~~~~~~~~~~~~~~~~~~~~~~~~~~~~~~~~~[0m
2025-04-09T19:35:45.400043Z	[96msrc/components/MenuItems/MenuItem1.astro[0m:[93m26[0m:[93m1[0m - [93mwarning[0m[90m ts(6133): [0m'pepsiDiet' is declared but its value is never read.
2025-04-09T19:35:45.400145Z	
2025-04-09T19:35:45.400275Z	[7m26[0m import pepsiDiet from "../../images/products/Pepsi Diet.jpg";
2025-04-09T19:35:45.400403Z	[7m  [0m [93m~~~~~~~~~~~~~~~~~~~~~~~~~~~~~~~~~~~~~~~~~~~~~~~~~~~~~~~~~~~~~[0m
2025-04-09T19:35:45.400512Z	[96msrc/components/MenuItems/MenuItem1.astro[0m:[93m25[0m:[93m1[0m - [93mwarning[0m[90m ts(6133): [0m'mirinda' is declared but its value is never read.
2025-04-09T19:35:45.40061Z	
2025-04-09T19:35:45.400707Z	[7m25[0m import mirinda from "../../images/products/Mirinda Orange.jpg";
2025-04-09T19:35:45.40082Z	[7m  [0m [93m~~~~~~~~~~~~~~~~~~~~~~~~~~~~~~~~~~~~~~~~~~~~~~~~~~~~~~~~~~~~~~~[0m
2025-04-09T19:35:45.400904Z	[96msrc/components/MenuItems/MenuItem1.astro[0m:[93m24[0m:[93m1[0m - [93mwarning[0m[90m ts(6133): [0m'mineralWater' is declared but its value is never read.
2025-04-09T19:35:45.401003Z	
2025-04-09T19:35:45.4011Z	[7m24[0m import mineralWater from "../../images/products/Mineral Water.jpg";
2025-04-09T19:35:45.401194Z	[7m  [0m [93m~~~~~~~~~~~~~~~~~~~~~~~~~~~~~~~~~~~~~~~~~~~~~~~~~~~~~~~~~~~~~~~~~~~[0m
2025-04-09T19:35:45.401281Z	[96msrc/components/MenuItems/MenuItem1.astro[0m:[93m23[0m:[93m1[0m - [93mwarning[0m[90m ts(6133): [0m'lemonGarlicSauce' is declared but its value is never read.
2025-04-09T19:35:45.401386Z	
2025-04-09T19:35:45.401507Z	[7m23[0m import lemonGarlicSauce from "../../images/products/Lemon Garlic Butter Sauce Large.jpg";
2025-04-09T19:35:45.401604Z	[7m  [0m [93m~~~~~~~~~~~~~~~~~~~~~~~~~~~~~~~~~~~~~~~~~~~~~~~~~~~~~~~~~~~~~~~~~~~~~~~~~~~~~~~~~~~~~~~~~[0m
2025-04-09T19:35:45.401695Z	[96msrc/components/MenuItems/MenuItem1.astro[0m:[93m22[0m:[93m1[0m - [93mwarning[0m[90m ts(6133): [0m'kidsMeal' is declared but its value is never read.
2025-04-09T19:35:45.401808Z	
2025-04-09T19:35:45.401916Z	[7m22[0m import kidsMeal from "../../images/products/Kids Meal.jpg";
2025-04-09T19:35:45.402022Z	[7m  [0m [93m~~~~~~~~~~~~~~~~~~~~~~~~~~~~~~~~~~~~~~~~~~~~~~~~~~~~~~~~~~~[0m
2025-04-09T19:35:45.4023Z	[96msrc/components/MenuItems/MenuItem1.astro[0m:[93m21[0m:[93m1[0m - [93mwarning[0m[90m ts(6133): [0m'honeyMustard' is declared but its value is never read.
2025-04-09T19:35:45.402396Z	
2025-04-09T19:35:45.402478Z	[7m21[0m import honeyMustard from "../../images/products/Honey Mustard.jpg";
2025-04-09T19:35:45.402561Z	[7m  [0m [93m~~~~~~~~~~~~~~~~~~~~~~~~~~~~~~~~~~~~~~~~~~~~~~~~~~~~~~~~~~~~~~~~~~~[0m
2025-04-09T19:35:45.402656Z	[96msrc/components/MenuItems/MenuItem1.astro[0m:[93m20[0m:[93m1[0m - [93mwarning[0m[90m ts(6133): [0m'grilledOliveOil' is declared but its value is never read.
2025-04-09T19:35:45.402779Z	
2025-04-09T19:35:45.402891Z	[7m20[0m import grilledOliveOil from "../../images/products/Grilled With Olive Oil & Lemon.jpg";
2025-04-09T19:35:45.402976Z	[7m  [0m [93m~~~~~~~~~~~~~~~~~~~~~~~~~~~~~~~~~~~~~~~~~~~~~~~~~~~~~~~~~~~~~~~~~~~~~~~~~~~~~~~~~~~~~~~[0m
2025-04-09T19:35:45.403074Z	[96msrc/components/MenuItems/MenuItem1.astro[0m:[93m19[0m:[93m1[0m - [93mwarning[0m[90m ts(6133): [0m'grilledLemonGarlic' is declared but its value is never read.
2025-04-09T19:35:45.40318Z	
2025-04-09T19:35:45.403255Z	[7m19[0m import grilledLemonGarlic from "../../images/products/Grilled With Lemon Garlic Butter Sauce.jpg";
2025-04-09T19:35:45.403333Z	[7m  [0m [93m~~~~~~~~~~~~~~~~~~~~~~~~~~~~~~~~~~~~~~~~~~~~~~~~~~~~~~~~~~~~~~~~~~~~~~~~~~~~~~~~~~~~~~~~~~~~~~~~~~[0m
2025-04-09T19:35:45.403473Z	[96msrc/components/MenuItems/MenuItem1.astro[0m:[93m18[0m:[93m1[0m - [93mwarning[0m[90m ts(6133): [0m'greenSalad' is declared but its value is never read.
2025-04-09T19:35:45.403597Z	
2025-04-09T19:35:45.403702Z	[7m18[0m import greenSalad from "../../images/products/Green Salad WIth Mustard Vinaigrette Dressing.jpg";
2025-04-09T19:35:45.403822Z	[7m  [0m [93m~~~~~~~~~~~~~~~~~~~~~~~~~~~~~~~~~~~~~~~~~~~~~~~~~~~~~~~~~~~~~~~~~~~~~~~~~~~~~~~~~~~~~~~~~~~~~~~~~[0m
2025-04-09T19:35:45.403928Z	[96msrc/components/MenuItems/MenuItem1.astro[0m:[93m17[0m:[93m1[0m - [93mwarning[0m[90m ts(6133): [0m'fries' is declared but its value is never read.
2025-04-09T19:35:45.404034Z	
2025-04-09T19:35:45.404136Z	[7m17[0m import fries from "../../images/products/Fries Packet.jpg";
2025-04-09T19:35:45.404244Z	[7m  [0m [93m~~~~~~~~~~~~~~~~~~~~~~~~~~~~~~~~~~~~~~~~~~~~~~~~~~~~~~~~~~~[0m
2025-04-09T19:35:45.404322Z	[96msrc/components/MenuItems/MenuItem1.astro[0m:[93m16[0m:[93m1[0m - [93mwarning[0m[90m ts(6133): [0m'friedFish' is declared but its value is never read.
2025-04-09T19:35:45.404379Z	
2025-04-09T19:35:45.404496Z	[7m16[0m import friedFish from "../../images/products/Fried Fish Fillet.jpg";
2025-04-09T19:35:45.404697Z	[7m  [0m [93m~~~~~~~~~~~~~~~~~~~~~~~~~~~~~~~~~~~~~~~~~~~~~~~~~~~~~~~~~~~~~~~~~~~~[0m
2025-04-09T19:35:45.404827Z	[96msrc/components/MenuItems/MenuItem1.astro[0m:[93m15[0m:[93m1[0m - [93mwarning[0m[90m ts(6133): [0m'coleslaw' is declared but its value is never read.
2025-04-09T19:35:45.404919Z	
2025-04-09T19:35:45.405047Z	[7m15[0m import coleslaw from "../../images/products/Coleslaw.jpg";
2025-04-09T19:35:45.405164Z	[7m  [0m [93m~~~~~~~~~~~~~~~~~~~~~~~~~~~~~~~~~~~~~~~~~~~~~~~~~~~~~~~~~~[0m
2025-04-09T19:35:45.405261Z	[96msrc/components/MenuItems/MenuItem1.astro[0m:[93m14[0m:[93m1[0m - [93mwarning[0m[90m ts(6133): [0m'cheddarSauce' is declared but its value is never read.
2025-04-09T19:35:45.405363Z	
2025-04-09T19:35:45.405458Z	[7m14[0m import cheddarSauce from "../../images/products/Cheddar Sauce.jpg";
2025-04-09T19:35:45.40557Z	[7m  [0m [93m~~~~~~~~~~~~~~~~~~~~~~~~~~~~~~~~~~~~~~~~~~~~~~~~~~~~~~~~~~~~~~~~~~~[0m
2025-04-09T19:35:45.405664Z	[96msrc/components/MenuItems/MenuItem1.astro[0m:[93m13[0m:[93m1[0m - [93mwarning[0m[90m ts(6133): [0m'tartarSauce' is declared but its value is never read.
2025-04-09T19:35:45.40578Z	
2025-04-09T19:35:45.40586Z	[7m13[0m import tartarSauce from "../../images/products/Capers Tartar Sauce.jpg";
2025-04-09T19:35:45.405943Z	[7m  [0m [93m~~~~~~~~~~~~~~~~~~~~~~~~~~~~~~~~~~~~~~~~~~~~~~~~~~~~~~~~~~~~~~~~~~~~~~~~[0m
2025-04-09T19:35:45.406018Z	[96msrc/components/MenuItems/MenuItem1.astro[0m:[93m12[0m:[93m1[0m - [93mwarning[0m[90m ts(6133): [0m'fishAndChips' is declared but its value is never read.
2025-04-09T19:35:45.406097Z	
2025-04-09T19:35:45.406232Z	[7m12[0m import fishAndChips from "../../images/products/The Fish & Chips.jpg";
2025-04-09T19:35:45.406384Z	[7m  [0m [93m~~~~~~~~~~~~~~~~~~~~~~~~~~~~~~~~~~~~~~~~~~~~~~~~~~~~~~~~~~~~~~~~~~~~~~[0m
2025-04-09T19:35:45.406463Z	[96msrc/components/MenuItems/MenuItem1.astro[0m:[93m11[0m:[93m1[0m - [93mwarning[0m[90m ts(6133): [0m'specialVeggies' is declared but its value is never read.
2025-04-09T19:35:45.406581Z	
2025-04-09T19:35:45.406664Z	[7m11[0m import specialVeggies from "../../images/products/Swefish Special Vegetables.jpg";
2025-04-09T19:35:45.406722Z	[7m  [0m [93m~~~~~~~~~~~~~~~~~~~~~~~~~~~~~~~~~~~~~~~~~~~~~~~~~~~~~~~~~~~~~~~~~~~~~~~~~~~~~~~~~~[0m
2025-04-09T19:35:45.406841Z	[96msrc/components/MenuItems/MenuItem1.astro[0m:[93m10[0m:[93m1[0m - [93mwarning[0m[90m ts(6133): [0m'specialBread' is declared but its value is never read.
2025-04-09T19:35:45.406923Z	
2025-04-09T19:35:45.407002Z	[7m10[0m import specialBread from "../../images/products/Swefish Special Bread.jpg";
2025-04-09T19:35:45.407146Z	[7m  [0m [93m~~~~~~~~~~~~~~~~~~~~~~~~~~~~~~~~~~~~~~~~~~~~~~~~~~~~~~~~~~~~~~~~~~~~~~~~~~~[0m
2025-04-09T19:35:45.407262Z	[96msrc/components/MenuItems/MenuItem1.astro[0m:[93m9[0m:[93m1[0m - [93mwarning[0m[90m ts(6133): [0m'sweetChili' is declared but its value is never read.
2025-04-09T19:35:45.407384Z	
2025-04-09T19:35:45.407474Z	[7m9[0m import sweetChili from "../../images/products/Sweet Chili.jpg";
2025-04-09T19:35:45.407579Z	[7m [0m [93m~~~~~~~~~~~~~~~~~~~~~~~~~~~~~~~~~~~~~~~~~~~~~~~~~~~~~~~~~~~~~~~[0m
2025-04-09T19:35:45.40768Z	[96msrc/components/MenuItems/MenuItem1.astro[0m:[93m8[0m:[93m1[0m - [93mwarning[0m[90m ts(6133): [0m'srirachaTahini' is declared but its value is never read.
2025-04-09T19:35:45.407804Z	
2025-04-09T19:35:45.407907Z	[7m8[0m import srirachaTahini from "../../images/products/Sriracha Tahini.jpg";
2025-04-09T19:35:45.408015Z	[7m [0m [93m~~~~~~~~~~~~~~~~~~~~~~~~~~~~~~~~~~~~~~~~~~~~~~~~~~~~~~~~~~~~~~~~~~~~~~~[0m
2025-04-09T19:35:45.408109Z	
2025-04-09T19:35:45.469293Z	[96msrc/components/MenuItems/MenuItem2.astro[0m:[93m33[0m:[93m1[0m - [93mwarning[0m[90m ts(6133): [0m'birell' is declared but its value is never read.
2025-04-09T19:35:45.469758Z	
2025-04-09T19:35:45.469923Z	[7m33[0m import birell from "../../images/products/Birell Malt Drink Can.jpg";
2025-04-09T19:35:45.470196Z	[7m  [0m [93m~~~~~~~~~~~~~~~~~~~~~~~~~~~~~~~~~~~~~~~~~~~~~~~~~~~~~~~~~~~~~~~~~~~~~[0m
2025-04-09T19:35:45.47028Z	[96msrc/components/MenuItems/MenuItem2.astro[0m:[93m32[0m:[93m1[0m - [93mwarning[0m[90m ts(6133): [0m'barbecueSauce' is declared but its value is never read.
2025-04-09T19:35:45.470341Z	
2025-04-09T19:35:45.470431Z	[7m32[0m import barbecueSauce from "../../images/products/Barbecue Sauce.jpg";
2025-04-09T19:35:45.47057Z	[7m  [0m [93m~~~~~~~~~~~~~~~~~~~~~~~~~~~~~~~~~~~~~~~~~~~~~~~~~~~~~~~~~~~~~~~~~~~~~[0m
2025-04-09T19:35:45.470642Z	[96msrc/components/MenuItems/MenuItem2.astro[0m:[93m31[0m:[93m1[0m - [93mwarning[0m[90m ts(6133): [0m'sevenUp' is declared but its value is never read.
2025-04-09T19:35:45.470774Z	
2025-04-09T19:35:45.470917Z	[7m31[0m import sevenUp from "../../images/products/7UP.jpg";
2025-04-09T19:35:45.471067Z	[7m  [0m [93m~~~~~~~~~~~~~~~~~~~~~~~~~~~~~~~~~~~~~~~~~~~~~~~~~~~~[0m
2025-04-09T19:35:45.471164Z	[96msrc/components/MenuItems/MenuItem2.astro[0m:[93m30[0m:[93m1[0m - [93mwarning[0m[90m ts(6133): [0m'specialRice' is declared but its value is never read.
2025-04-09T19:35:45.471239Z	
2025-04-09T19:35:45.471337Z	[7m30[0m import specialRice from "../../images/products/SWEFISH Special Rice Large.jpg";
2025-04-09T19:35:45.471499Z	[7m  [0m [93m~~~~~~~~~~~~~~~~~~~~~~~~~~~~~~~~~~~~~~~~~~~~~~~~~~~~~~~~~~~~~~~~~~~~~~~~~~~~~~~[0m
2025-04-09T19:35:45.471621Z	[96msrc/components/MenuItems/MenuItem2.astro[0m:[93m29[0m:[93m1[0m - [93mwarning[0m[90m ts(6133): [0m'shrimpBisque' is declared but its value is never read.
2025-04-09T19:35:45.471715Z	
2025-04-09T19:35:45.47195Z	[7m29[0m import shrimpBisque from "../../images/products/Shrimp Bisque Soup.jpg";
2025-04-09T19:35:45.47207Z	[7m  [0m [93m~~~~~~~~~~~~~~~~~~~~~~~~~~~~~~~~~~~~~~~~~~~~~~~~~~~~~~~~~~~~~~~~~~~~~~~~[0m
2025-04-09T19:35:45.472202Z	[96msrc/components/MenuItems/MenuItem2.astro[0m:[93m28[0m:[93m1[0m - [93mwarning[0m[90m ts(6133): [0m'roquefortSauce' is declared but its value is never read.
2025-04-09T19:35:45.472325Z	
2025-04-09T19:35:45.472429Z	[7m28[0m import roquefortSauce from "../../images/products/Roquefort Sauce.jpg";
2025-04-09T19:35:45.47249Z	[7m  [0m [93m~~~~~~~~~~~~~~~~~~~~~~~~~~~~~~~~~~~~~~~~~~~~~~~~~~~~~~~~~~~~~~~~~~~~~~~[0m
2025-04-09T19:35:45.472558Z	[96msrc/components/MenuItems/MenuItem2.astro[0m:[93m27[0m:[93m1[0m - [93mwarning[0m[90m ts(6133): [0m'pepsi' is declared but its value is never read.
2025-04-09T19:35:45.472615Z	
2025-04-09T19:35:45.472693Z	[7m27[0m import pepsi from "../../images/products/Pepsi.jpg";
2025-04-09T19:35:45.473425Z	[7m  [0m [93m~~~~~~~~~~~~~~~~~~~~~~~~~~~~~~~~~~~~~~~~~~~~~~~~~~~~[0m
2025-04-09T19:35:45.473525Z	[96msrc/components/MenuItems/MenuItem2.astro[0m:[93m26[0m:[93m1[0m - [93mwarning[0m[90m ts(6133): [0m'pepsiDiet' is declared but its value is never read.
2025-04-09T19:35:45.473584Z	
2025-04-09T19:35:45.473639Z	[7m26[0m import pepsiDiet from "../../images/products/Pepsi Diet.jpg";
2025-04-09T19:35:45.473694Z	[7m  [0m [93m~~~~~~~~~~~~~~~~~~~~~~~~~~~~~~~~~~~~~~~~~~~~~~~~~~~~~~~~~~~~~[0m
2025-04-09T19:35:45.473765Z	[96msrc/components/MenuItems/MenuItem2.astro[0m:[93m25[0m:[93m1[0m - [93mwarning[0m[90m ts(6133): [0m'mirinda' is declared but its value is never read.
2025-04-09T19:35:45.473825Z	
2025-04-09T19:35:45.473892Z	[7m25[0m import mirinda from "../../images/products/Mirinda Orange.jpg";
2025-04-09T19:35:45.473952Z	[7m  [0m [93m~~~~~~~~~~~~~~~~~~~~~~~~~~~~~~~~~~~~~~~~~~~~~~~~~~~~~~~~~~~~~~~[0m
2025-04-09T19:35:45.474007Z	[96msrc/components/MenuItems/MenuItem2.astro[0m:[93m24[0m:[93m1[0m - [93mwarning[0m[90m ts(6133): [0m'mineralWater' is declared but its value is never read.
2025-04-09T19:35:45.47406Z	
2025-04-09T19:35:45.474113Z	[7m24[0m import mineralWater from "../../images/products/Mineral Water.jpg";
2025-04-09T19:35:45.474167Z	[7m  [0m [93m~~~~~~~~~~~~~~~~~~~~~~~~~~~~~~~~~~~~~~~~~~~~~~~~~~~~~~~~~~~~~~~~~~~[0m
2025-04-09T19:35:45.474226Z	[96msrc/components/MenuItems/MenuItem2.astro[0m:[93m23[0m:[93m1[0m - [93mwarning[0m[90m ts(6133): [0m'lemonGarlicSauce' is declared but its value is never read.
2025-04-09T19:35:45.474279Z	
2025-04-09T19:35:45.474336Z	[7m23[0m import lemonGarlicSauce from "../../images/products/Lemon Garlic Butter Sauce Large.jpg";
2025-04-09T19:35:45.47443Z	[7m  [0m [93m~~~~~~~~~~~~~~~~~~~~~~~~~~~~~~~~~~~~~~~~~~~~~~~~~~~~~~~~~~~~~~~~~~~~~~~~~~~~~~~~~~~~~~~~~[0m
2025-04-09T19:35:45.474528Z	[96msrc/components/MenuItems/MenuItem2.astro[0m:[93m22[0m:[93m1[0m - [93mwarning[0m[90m ts(6133): [0m'kidsMeal' is declared but its value is never read.
2025-04-09T19:35:45.47462Z	
2025-04-09T19:35:45.474717Z	[7m22[0m import kidsMeal from "../../images/products/Kids Meal.jpg";
2025-04-09T19:35:45.474832Z	[7m  [0m [93m~~~~~~~~~~~~~~~~~~~~~~~~~~~~~~~~~~~~~~~~~~~~~~~~~~~~~~~~~~~[0m
2025-04-09T19:35:45.474945Z	[96msrc/components/MenuItems/MenuItem2.astro[0m:[93m21[0m:[93m1[0m - [93mwarning[0m[90m ts(6133): [0m'honeyMustard' is declared but its value is never read.
2025-04-09T19:35:45.475011Z	
2025-04-09T19:35:45.475076Z	[7m21[0m import honeyMustard from "../../images/products/Honey Mustard.jpg";
2025-04-09T19:35:45.475132Z	[7m  [0m [93m~~~~~~~~~~~~~~~~~~~~~~~~~~~~~~~~~~~~~~~~~~~~~~~~~~~~~~~~~~~~~~~~~~~[0m
2025-04-09T19:35:45.475189Z	[96msrc/components/MenuItems/MenuItem2.astro[0m:[93m20[0m:[93m1[0m - [93mwarning[0m[90m ts(6133): [0m'grilledOliveOil' is declared but its value is never read.
2025-04-09T19:35:45.475242Z	
2025-04-09T19:35:45.475294Z	[7m20[0m import grilledOliveOil from "../../images/products/Grilled With Olive Oil & Lemon.jpg";
2025-04-09T19:35:45.475347Z	[7m  [0m [93m~~~~~~~~~~~~~~~~~~~~~~~~~~~~~~~~~~~~~~~~~~~~~~~~~~~~~~~~~~~~~~~~~~~~~~~~~~~~~~~~~~~~~~~[0m
2025-04-09T19:35:45.475399Z	[96msrc/components/MenuItems/MenuItem2.astro[0m:[93m19[0m:[93m1[0m - [93mwarning[0m[90m ts(6133): [0m'grilledLemonGarlic' is declared but its value is never read.
2025-04-09T19:35:45.475453Z	
2025-04-09T19:35:45.475506Z	[7m19[0m import grilledLemonGarlic from "../../images/products/Grilled With Lemon Garlic Butter Sauce.jpg";
2025-04-09T19:35:45.475563Z	[7m  [0m [93m~~~~~~~~~~~~~~~~~~~~~~~~~~~~~~~~~~~~~~~~~~~~~~~~~~~~~~~~~~~~~~~~~~~~~~~~~~~~~~~~~~~~~~~~~~~~~~~~~~[0m
2025-04-09T19:35:45.475687Z	[96msrc/components/MenuItems/MenuItem2.astro[0m:[93m18[0m:[93m1[0m - [93mwarning[0m[90m ts(6133): [0m'greenSalad' is declared but its value is never read.
2025-04-09T19:35:45.475819Z	
2025-04-09T19:35:45.47588Z	[7m18[0m import greenSalad from "../../images/products/Green Salad WIth Mustard Vinaigrette Dressing.jpg";
2025-04-09T19:35:45.476003Z	[7m  [0m [93m~~~~~~~~~~~~~~~~~~~~~~~~~~~~~~~~~~~~~~~~~~~~~~~~~~~~~~~~~~~~~~~~~~~~~~~~~~~~~~~~~~~~~~~~~~~~~~~~~[0m
2025-04-09T19:35:45.476112Z	[96msrc/components/MenuItems/MenuItem2.astro[0m:[93m17[0m:[93m1[0m - [93mwarning[0m[90m ts(6133): [0m'fries' is declared but its value is never read.
2025-04-09T19:35:45.476309Z	
2025-04-09T19:35:45.476383Z	[7m17[0m import fries from "../../images/products/Fries Packet.jpg";
2025-04-09T19:35:45.476515Z	[7m  [0m [93m~~~~~~~~~~~~~~~~~~~~~~~~~~~~~~~~~~~~~~~~~~~~~~~~~~~~~~~~~~~[0m
2025-04-09T19:35:45.476631Z	[96msrc/components/MenuItems/MenuItem2.astro[0m:[93m16[0m:[93m1[0m - [93mwarning[0m[90m ts(6133): [0m'friedFish' is declared but its value is never read.
2025-04-09T19:35:45.476757Z	
2025-04-09T19:35:45.476858Z	[7m16[0m import friedFish from "../../images/products/Fried Fish Fillet.jpg";
2025-04-09T19:35:45.476993Z	[7m  [0m [93m~~~~~~~~~~~~~~~~~~~~~~~~~~~~~~~~~~~~~~~~~~~~~~~~~~~~~~~~~~~~~~~~~~~~[0m
2025-04-09T19:35:45.477093Z	[96msrc/components/MenuItems/MenuItem2.astro[0m:[93m15[0m:[93m1[0m - [93mwarning[0m[90m ts(6133): [0m'coleslaw' is declared but its value is never read.
2025-04-09T19:35:45.477213Z	
2025-04-09T19:35:45.477314Z	[7m15[0m import coleslaw from "../../images/products/Coleslaw.jpg";
2025-04-09T19:35:45.477405Z	[7m  [0m [93m~~~~~~~~~~~~~~~~~~~~~~~~~~~~~~~~~~~~~~~~~~~~~~~~~~~~~~~~~~[0m
2025-04-09T19:35:45.477535Z	[96msrc/components/MenuItems/MenuItem2.astro[0m:[93m14[0m:[93m1[0m - [93mwarning[0m[90m ts(6133): [0m'cheddarSauce' is declared but its value is never read.
2025-04-09T19:35:45.477638Z	
2025-04-09T19:35:45.477741Z	[7m14[0m import cheddarSauce from "../../images/products/Cheddar Sauce.jpg";
2025-04-09T19:35:45.477846Z	[7m  [0m [93m~~~~~~~~~~~~~~~~~~~~~~~~~~~~~~~~~~~~~~~~~~~~~~~~~~~~~~~~~~~~~~~~~~~[0m
2025-04-09T19:35:45.477945Z	[96msrc/components/MenuItems/MenuItem2.astro[0m:[93m13[0m:[93m1[0m - [93mwarning[0m[90m ts(6133): [0m'tartarSauce' is declared but its value is never read.
2025-04-09T19:35:45.478037Z	
2025-04-09T19:35:45.478166Z	[7m13[0m import tartarSauce from "../../images/products/Capers Tartar Sauce.jpg";
2025-04-09T19:35:45.478264Z	[7m  [0m [93m~~~~~~~~~~~~~~~~~~~~~~~~~~~~~~~~~~~~~~~~~~~~~~~~~~~~~~~~~~~~~~~~~~~~~~~~[0m
2025-04-09T19:35:45.478357Z	[96msrc/components/MenuItems/MenuItem2.astro[0m:[93m12[0m:[93m1[0m - [93mwarning[0m[90m ts(6133): [0m'fishAndChips' is declared but its value is never read.
2025-04-09T19:35:45.478461Z	
2025-04-09T19:35:45.478535Z	[7m12[0m import fishAndChips from "../../images/products/The Fish & Chips.jpg";
2025-04-09T19:35:45.478612Z	[7m  [0m [93m~~~~~~~~~~~~~~~~~~~~~~~~~~~~~~~~~~~~~~~~~~~~~~~~~~~~~~~~~~~~~~~~~~~~~~[0m
2025-04-09T19:35:45.478705Z	[96msrc/components/MenuItems/MenuItem2.astro[0m:[93m11[0m:[93m1[0m - [93mwarning[0m[90m ts(6133): [0m'specialVeggies' is declared but its value is never read.
2025-04-09T19:35:45.478807Z	
2025-04-09T19:35:45.478899Z	[7m11[0m import specialVeggies from "../../images/products/Swefish Special Vegetables.jpg";
2025-04-09T19:35:45.479001Z	[7m  [0m [93m~~~~~~~~~~~~~~~~~~~~~~~~~~~~~~~~~~~~~~~~~~~~~~~~~~~~~~~~~~~~~~~~~~~~~~~~~~~~~~~~~~[0m
2025-04-09T19:35:45.479093Z	[96msrc/components/MenuItems/MenuItem2.astro[0m:[93m10[0m:[93m1[0m - [93mwarning[0m[90m ts(6133): [0m'specialBread' is declared but its value is never read.
2025-04-09T19:35:45.479184Z	
2025-04-09T19:35:45.479301Z	[7m10[0m import specialBread from "../../images/products/Swefish Special Bread.jpg";
2025-04-09T19:35:45.479372Z	[7m  [0m [93m~~~~~~~~~~~~~~~~~~~~~~~~~~~~~~~~~~~~~~~~~~~~~~~~~~~~~~~~~~~~~~~~~~~~~~~~~~~[0m
2025-04-09T19:35:45.479491Z	[96msrc/components/MenuItems/MenuItem2.astro[0m:[93m9[0m:[93m1[0m - [93mwarning[0m[90m ts(6133): [0m'sweetChili' is declared but its value is never read.
2025-04-09T19:35:45.479606Z	
2025-04-09T19:35:45.479722Z	[7m9[0m import sweetChili from "../../images/products/Sweet Chili.jpg";
2025-04-09T19:35:45.479885Z	[7m [0m [93m~~~~~~~~~~~~~~~~~~~~~~~~~~~~~~~~~~~~~~~~~~~~~~~~~~~~~~~~~~~~~~~[0m
2025-04-09T19:35:45.479983Z	[96msrc/components/MenuItems/MenuItem2.astro[0m:[93m8[0m:[93m1[0m - [93mwarning[0m[90m ts(6133): [0m'srirachaTahini' is declared but its value is never read.
2025-04-09T19:35:45.480102Z	
2025-04-09T19:35:45.480432Z	[7m8[0m import srirachaTahini from "../../images/products/Sriracha Tahini.jpg";
2025-04-09T19:35:45.48058Z	[7m [0m [93m~~~~~~~~~~~~~~~~~~~~~~~~~~~~~~~~~~~~~~~~~~~~~~~~~~~~~~~~~~~~~~~~~~~~~~~[0m
2025-04-09T19:35:45.480745Z	
2025-04-09T19:35:45.546378Z	[96msrc/components/MenuItems/MenuItem3.astro[0m:[93m33[0m:[93m1[0m - [93mwarning[0m[90m ts(6133): [0m'birell' is declared but its value is never read.
2025-04-09T19:35:45.546691Z	
2025-04-09T19:35:45.546819Z	[7m33[0m import birell from "../../images/products/Birell Malt Drink Can.jpg";
2025-04-09T19:35:45.546999Z	[7m  [0m [93m~~~~~~~~~~~~~~~~~~~~~~~~~~~~~~~~~~~~~~~~~~~~~~~~~~~~~~~~~~~~~~~~~~~~~[0m
2025-04-09T19:35:45.547131Z	[96msrc/components/MenuItems/MenuItem3.astro[0m:[93m32[0m:[93m1[0m - [93mwarning[0m[90m ts(6133): [0m'barbecueSauce' is declared but its value is never read.
2025-04-09T19:35:45.547282Z	
2025-04-09T19:35:45.547422Z	[7m32[0m import barbecueSauce from "../../images/products/Barbecue Sauce.jpg";
2025-04-09T19:35:45.547519Z	[7m  [0m [93m~~~~~~~~~~~~~~~~~~~~~~~~~~~~~~~~~~~~~~~~~~~~~~~~~~~~~~~~~~~~~~~~~~~~~[0m
2025-04-09T19:35:45.547652Z	[96msrc/components/MenuItems/MenuItem3.astro[0m:[93m31[0m:[93m1[0m - [93mwarning[0m[90m ts(6133): [0m'sevenUp' is declared but its value is never read.
2025-04-09T19:35:45.547796Z	
2025-04-09T19:35:45.54795Z	[7m31[0m import sevenUp from "../../images/products/7UP.jpg";
2025-04-09T19:35:45.548061Z	[7m  [0m [93m~~~~~~~~~~~~~~~~~~~~~~~~~~~~~~~~~~~~~~~~~~~~~~~~~~~~[0m
2025-04-09T19:35:45.548182Z	[96msrc/components/MenuItems/MenuItem3.astro[0m:[93m30[0m:[93m1[0m - [93mwarning[0m[90m ts(6133): [0m'specialRice' is declared but its value is never read.
2025-04-09T19:35:45.548381Z	
2025-04-09T19:35:45.548489Z	[7m30[0m import specialRice from "../../images/products/SWEFISH Special Rice Large.jpg";
2025-04-09T19:35:45.548623Z	[7m  [0m [93m~~~~~~~~~~~~~~~~~~~~~~~~~~~~~~~~~~~~~~~~~~~~~~~~~~~~~~~~~~~~~~~~~~~~~~~~~~~~~~~[0m
2025-04-09T19:35:45.548768Z	[96msrc/components/MenuItems/MenuItem3.astro[0m:[93m29[0m:[93m1[0m - [93mwarning[0m[90m ts(6133): [0m'shrimpBisque' is declared but its value is never read.
2025-04-09T19:35:45.548842Z	
2025-04-09T19:35:45.5489Z	[7m29[0m import shrimpBisque from "../../images/products/Shrimp Bisque Soup.jpg";
2025-04-09T19:35:45.548996Z	[7m  [0m [93m~~~~~~~~~~~~~~~~~~~~~~~~~~~~~~~~~~~~~~~~~~~~~~~~~~~~~~~~~~~~~~~~~~~~~~~~[0m
2025-04-09T19:35:45.549116Z	[96msrc/components/MenuItems/MenuItem3.astro[0m:[93m28[0m:[93m1[0m - [93mwarning[0m[90m ts(6133): [0m'roquefortSauce' is declared but its value is never read.
2025-04-09T19:35:45.549224Z	
2025-04-09T19:35:45.549435Z	[7m28[0m import roquefortSauce from "../../images/products/Roquefort Sauce.jpg";
2025-04-09T19:35:45.549537Z	[7m  [0m [93m~~~~~~~~~~~~~~~~~~~~~~~~~~~~~~~~~~~~~~~~~~~~~~~~~~~~~~~~~~~~~~~~~~~~~~~[0m
2025-04-09T19:35:45.549688Z	[96msrc/components/MenuItems/MenuItem3.astro[0m:[93m27[0m:[93m1[0m - [93mwarning[0m[90m ts(6133): [0m'pepsi' is declared but its value is never read.
2025-04-09T19:35:45.549861Z	
2025-04-09T19:35:45.550017Z	[7m27[0m import pepsi from "../../images/products/Pepsi.jpg";
2025-04-09T19:35:45.550129Z	[7m  [0m [93m~~~~~~~~~~~~~~~~~~~~~~~~~~~~~~~~~~~~~~~~~~~~~~~~~~~~[0m
2025-04-09T19:35:45.550247Z	[96msrc/components/MenuItems/MenuItem3.astro[0m:[93m26[0m:[93m1[0m - [93mwarning[0m[90m ts(6133): [0m'pepsiDiet' is declared but its value is never read.
2025-04-09T19:35:45.550424Z	
2025-04-09T19:35:45.550642Z	[7m26[0m import pepsiDiet from "../../images/products/Pepsi Diet.jpg";
2025-04-09T19:35:45.55092Z	[7m  [0m [93m~~~~~~~~~~~~~~~~~~~~~~~~~~~~~~~~~~~~~~~~~~~~~~~~~~~~~~~~~~~~~[0m
2025-04-09T19:35:45.551148Z	[96msrc/components/MenuItems/MenuItem3.astro[0m:[93m25[0m:[93m1[0m - [93mwarning[0m[90m ts(6133): [0m'mirinda' is declared but its value is never read.
2025-04-09T19:35:45.551267Z	
2025-04-09T19:35:45.551546Z	[7m25[0m import mirinda from "../../images/products/Mirinda Orange.jpg";
2025-04-09T19:35:45.551623Z	[7m  [0m [93m~~~~~~~~~~~~~~~~~~~~~~~~~~~~~~~~~~~~~~~~~~~~~~~~~~~~~~~~~~~~~~~[0m
2025-04-09T19:35:45.551688Z	[96msrc/components/MenuItems/MenuItem3.astro[0m:[93m24[0m:[93m1[0m - [93mwarning[0m[90m ts(6133): [0m'mineralWater' is declared but its value is never read.
2025-04-09T19:35:45.552032Z	
2025-04-09T19:35:45.552257Z	[7m24[0m import mineralWater from "../../images/products/Mineral Water.jpg";
2025-04-09T19:35:45.552347Z	[7m  [0m [93m~~~~~~~~~~~~~~~~~~~~~~~~~~~~~~~~~~~~~~~~~~~~~~~~~~~~~~~~~~~~~~~~~~~[0m
2025-04-09T19:35:45.552586Z	[96msrc/components/MenuItems/MenuItem3.astro[0m:[93m23[0m:[93m1[0m - [93mwarning[0m[90m ts(6133): [0m'lemonGarlicSauce' is declared but its value is never read.
2025-04-09T19:35:45.552663Z	
2025-04-09T19:35:45.55294Z	[7m23[0m import lemonGarlicSauce from "../../images/products/Lemon Garlic Butter Sauce Large.jpg";
2025-04-09T19:35:45.553018Z	[7m  [0m [93m~~~~~~~~~~~~~~~~~~~~~~~~~~~~~~~~~~~~~~~~~~~~~~~~~~~~~~~~~~~~~~~~~~~~~~~~~~~~~~~~~~~~~~~~~[0m
2025-04-09T19:35:45.553076Z	[96msrc/components/MenuItems/MenuItem3.astro[0m:[93m22[0m:[93m1[0m - [93mwarning[0m[90m ts(6133): [0m'kidsMeal' is declared but its value is never read.
2025-04-09T19:35:45.553325Z	
2025-04-09T19:35:45.553402Z	[7m22[0m import kidsMeal from "../../images/products/Kids Meal.jpg";
2025-04-09T19:35:45.553461Z	[7m  [0m [93m~~~~~~~~~~~~~~~~~~~~~~~~~~~~~~~~~~~~~~~~~~~~~~~~~~~~~~~~~~~[0m
2025-04-09T19:35:45.553704Z	[96msrc/components/MenuItems/MenuItem3.astro[0m:[93m21[0m:[93m1[0m - [93mwarning[0m[90m ts(6133): [0m'honeyMustard' is declared but its value is never read.
2025-04-09T19:35:45.55381Z	
2025-04-09T19:35:45.553883Z	[7m21[0m import honeyMustard from "../../images/products/Honey Mustard.jpg";
2025-04-09T19:35:45.553998Z	[7m  [0m [93m~~~~~~~~~~~~~~~~~~~~~~~~~~~~~~~~~~~~~~~~~~~~~~~~~~~~~~~~~~~~~~~~~~~[0m
2025-04-09T19:35:45.554072Z	[96msrc/components/MenuItems/MenuItem3.astro[0m:[93m20[0m:[93m1[0m - [93mwarning[0m[90m ts(6133): [0m'grilledOliveOil' is declared but its value is never read.
2025-04-09T19:35:45.554158Z	
2025-04-09T19:35:45.554271Z	[7m20[0m import grilledOliveOil from "../../images/products/Grilled With Olive Oil & Lemon.jpg";
2025-04-09T19:35:45.554363Z	[7m  [0m [93m~~~~~~~~~~~~~~~~~~~~~~~~~~~~~~~~~~~~~~~~~~~~~~~~~~~~~~~~~~~~~~~~~~~~~~~~~~~~~~~~~~~~~~~[0m
2025-04-09T19:35:45.55448Z	[96msrc/components/MenuItems/MenuItem3.astro[0m:[93m19[0m:[93m1[0m - [93mwarning[0m[90m ts(6133): [0m'grilledLemonGarlic' is declared but its value is never read.
2025-04-09T19:35:45.554593Z	
2025-04-09T19:35:45.554693Z	[7m19[0m import grilledLemonGarlic from "../../images/products/Grilled With Lemon Garlic Butter Sauce.jpg";
2025-04-09T19:35:45.554827Z	[7m  [0m [93m~~~~~~~~~~~~~~~~~~~~~~~~~~~~~~~~~~~~~~~~~~~~~~~~~~~~~~~~~~~~~~~~~~~~~~~~~~~~~~~~~~~~~~~~~~~~~~~~~~[0m
2025-04-09T19:35:45.554919Z	[96msrc/components/MenuItems/MenuItem3.astro[0m:[93m18[0m:[93m1[0m - [93mwarning[0m[90m ts(6133): [0m'greenSalad' is declared but its value is never read.
2025-04-09T19:35:45.555032Z	
2025-04-09T19:35:45.555156Z	[7m18[0m import greenSalad from "../../images/products/Green Salad WIth Mustard Vinaigrette Dressing.jpg";
2025-04-09T19:35:45.555263Z	[7m  [0m [93m~~~~~~~~~~~~~~~~~~~~~~~~~~~~~~~~~~~~~~~~~~~~~~~~~~~~~~~~~~~~~~~~~~~~~~~~~~~~~~~~~~~~~~~~~~~~~~~~~[0m
2025-04-09T19:35:45.555373Z	[96msrc/components/MenuItems/MenuItem3.astro[0m:[93m17[0m:[93m1[0m - [93mwarning[0m[90m ts(6133): [0m'fries' is declared but its value is never read.
2025-04-09T19:35:45.555448Z	
2025-04-09T19:35:45.555565Z	[7m17[0m import fries from "../../images/products/Fries Packet.jpg";
2025-04-09T19:35:45.55569Z	[7m  [0m [93m~~~~~~~~~~~~~~~~~~~~~~~~~~~~~~~~~~~~~~~~~~~~~~~~~~~~~~~~~~~[0m
2025-04-09T19:35:45.555858Z	[96msrc/components/MenuItems/MenuItem3.astro[0m:[93m16[0m:[93m1[0m - [93mwarning[0m[90m ts(6133): [0m'friedFish' is declared but its value is never read.
2025-04-09T19:35:45.556004Z	
2025-04-09T19:35:45.556086Z	[7m16[0m import friedFish from "../../images/products/Fried Fish Fillet.jpg";
2025-04-09T19:35:45.556182Z	[7m  [0m [93m~~~~~~~~~~~~~~~~~~~~~~~~~~~~~~~~~~~~~~~~~~~~~~~~~~~~~~~~~~~~~~~~~~~~[0m
2025-04-09T19:35:45.556287Z	[96msrc/components/MenuItems/MenuItem3.astro[0m:[93m15[0m:[93m1[0m - [93mwarning[0m[90m ts(6133): [0m'coleslaw' is declared but its value is never read.
2025-04-09T19:35:45.556385Z	
2025-04-09T19:35:45.556515Z	[7m15[0m import coleslaw from "../../images/products/Coleslaw.jpg";
2025-04-09T19:35:45.556631Z	[7m  [0m [93m~~~~~~~~~~~~~~~~~~~~~~~~~~~~~~~~~~~~~~~~~~~~~~~~~~~~~~~~~~[0m
2025-04-09T19:35:45.556741Z	[96msrc/components/MenuItems/MenuItem3.astro[0m:[93m14[0m:[93m1[0m - [93mwarning[0m[90m ts(6133): [0m'cheddarSauce' is declared but its value is never read.
2025-04-09T19:35:45.557185Z	
2025-04-09T19:35:45.557279Z	[7m14[0m import cheddarSauce from "../../images/products/Cheddar Sauce.jpg";
2025-04-09T19:35:45.557393Z	[7m  [0m [93m~~~~~~~~~~~~~~~~~~~~~~~~~~~~~~~~~~~~~~~~~~~~~~~~~~~~~~~~~~~~~~~~~~~[0m
2025-04-09T19:35:45.557524Z	[96msrc/components/MenuItems/MenuItem3.astro[0m:[93m13[0m:[93m1[0m - [93mwarning[0m[90m ts(6133): [0m'tartarSauce' is declared but its value is never read.
2025-04-09T19:35:45.557688Z	
2025-04-09T19:35:45.557924Z	[7m13[0m import tartarSauce from "../../images/products/Capers Tartar Sauce.jpg";
2025-04-09T19:35:45.558082Z	[7m  [0m [93m~~~~~~~~~~~~~~~~~~~~~~~~~~~~~~~~~~~~~~~~~~~~~~~~~~~~~~~~~~~~~~~~~~~~~~~~[0m
2025-04-09T19:35:45.558189Z	[96msrc/components/MenuItems/MenuItem3.astro[0m:[93m12[0m:[93m1[0m - [93mwarning[0m[90m ts(6133): [0m'fishAndChips' is declared but its value is never read.
2025-04-09T19:35:45.558331Z	
2025-04-09T19:35:45.558396Z	[7m12[0m import fishAndChips from "../../images/products/The Fish & Chips.jpg";
2025-04-09T19:35:45.558457Z	[7m  [0m [93m~~~~~~~~~~~~~~~~~~~~~~~~~~~~~~~~~~~~~~~~~~~~~~~~~~~~~~~~~~~~~~~~~~~~~~[0m
2025-04-09T19:35:45.55865Z	[96msrc/components/MenuItems/MenuItem3.astro[0m:[93m11[0m:[93m1[0m - [93mwarning[0m[90m ts(6133): [0m'specialVeggies' is declared but its value is never read.
2025-04-09T19:35:45.558747Z	
2025-04-09T19:35:45.558879Z	[7m11[0m import specialVeggies from "../../images/products/Swefish Special Vegetables.jpg";
2025-04-09T19:35:45.559052Z	[7m  [0m [93m~~~~~~~~~~~~~~~~~~~~~~~~~~~~~~~~~~~~~~~~~~~~~~~~~~~~~~~~~~~~~~~~~~~~~~~~~~~~~~~~~~[0m
2025-04-09T19:35:45.559146Z	[96msrc/components/MenuItems/MenuItem3.astro[0m:[93m10[0m:[93m1[0m - [93mwarning[0m[90m ts(6133): [0m'specialBread' is declared but its value is never read.
2025-04-09T19:35:45.559253Z	
2025-04-09T19:35:45.559321Z	[7m10[0m import specialBread from "../../images/products/Swefish Special Bread.jpg";
2025-04-09T19:35:45.559519Z	[7m  [0m [93m~~~~~~~~~~~~~~~~~~~~~~~~~~~~~~~~~~~~~~~~~~~~~~~~~~~~~~~~~~~~~~~~~~~~~~~~~~~[0m
2025-04-09T19:35:45.559594Z	[96msrc/components/MenuItems/MenuItem3.astro[0m:[93m9[0m:[93m1[0m - [93mwarning[0m[90m ts(6133): [0m'sweetChili' is declared but its value is never read.
2025-04-09T19:35:45.559653Z	
2025-04-09T19:35:45.559708Z	[7m9[0m import sweetChili from "../../images/products/Sweet Chili.jpg";
2025-04-09T19:35:45.55979Z	[7m [0m [93m~~~~~~~~~~~~~~~~~~~~~~~~~~~~~~~~~~~~~~~~~~~~~~~~~~~~~~~~~~~~~~~[0m
2025-04-09T19:35:45.559851Z	[96msrc/components/MenuItems/MenuItem3.astro[0m:[93m8[0m:[93m1[0m - [93mwarning[0m[90m ts(6133): [0m'srirachaTahini' is declared but its value is never read.
2025-04-09T19:35:45.559906Z	
2025-04-09T19:35:45.559967Z	[7m8[0m import srirachaTahini from "../../images/products/Sriracha Tahini.jpg";
2025-04-09T19:35:45.560022Z	[7m [0m [93m~~~~~~~~~~~~~~~~~~~~~~~~~~~~~~~~~~~~~~~~~~~~~~~~~~~~~~~~~~~~~~~~~~~~~~~[0m
2025-04-09T19:35:45.560089Z	
2025-04-09T19:35:45.618935Z	[96msrc/components/navbars/Navbar.astro[0m:[93m292[0m:[93m9[0m - [93mwarning[0m[90m ts(6133): [0m'touchStartX' is declared but its value is never read.
2025-04-09T19:35:45.619264Z	
2025-04-09T19:35:45.619368Z	[7m292[0m     let touchStartX = 0;
2025-04-09T19:35:45.619509Z	[7m   [0m [93m        ~~~~~~~~~~~[0m
2025-04-09T19:35:45.619614Z	
2025-04-09T19:35:45.687744Z	[96msrc/components/navbars/Navbar1.astro[0m:[93m292[0m:[93m9[0m - [93mwarning[0m[90m ts(6133): [0m'touchStartX' is declared but its value is never read.
2025-04-09T19:35:45.688047Z	
2025-04-09T19:35:45.688174Z	[7m292[0m     let touchStartX = 0;
2025-04-09T19:35:45.688276Z	[7m   [0m [93m        ~~~~~~~~~~~[0m
2025-04-09T19:35:45.688368Z	
2025-04-09T19:35:45.764961Z	[96msrc/components/navbars/Navbar2.astro[0m:[93m33[0m:[93m48[0m - [93mwarning[0m[90m ts(6133): [0m'index' is declared but its value is never read.
2025-04-09T19:35:45.765279Z	
2025-04-09T19:35:45.765445Z	[7m33[0m       {categories.map((category: MenuCategory, index: number) => (
2025-04-09T19:35:45.765567Z	[7m  [0m [93m                                               ~~~~~[0m
2025-04-09T19:35:45.765693Z	
2025-04-09T19:35:45.828606Z	[96msrc/components/navbars/Navbar3.astro[0m:[93m33[0m:[93m48[0m - [93mwarning[0m[90m ts(6133): [0m'index' is declared but its value is never read.
2025-04-09T19:35:45.82896Z	
2025-04-09T19:35:45.82906Z	[7m33[0m       {categories.map((category: MenuCategory, index: number) => (
2025-04-09T19:35:45.829128Z	[7m  [0m [93m                                               ~~~~~[0m
2025-04-09T19:35:45.82937Z	
2025-04-09T19:35:46.292638Z	[96msrc/components/sections/pricing/PricingSection.astro[0m:[93m21[0m:[93m11[0m - [93mwarning[0m[90m ts(6196): [0m'PricingSectionProps' is declared but never used.
2025-04-09T19:35:46.293015Z	
2025-04-09T19:35:46.293197Z	[7m21[0m interface PricingSectionProps {
2025-04-09T19:35:46.293363Z	[7m  [0m [93m          ~~~~~~~~~~~~~~~~~~~[0m
2025-04-09T19:35:46.293551Z	
2025-04-09T19:35:46.845257Z	[96msrc/components/ui/buttons/Bookmark.astro[0m:[93m18[0m:[93m25[0m - [93mwarning[0m[90m ts(6138): [0mProperty 'dataAttrValue' is declared but its value is never read.
2025-04-09T19:35:46.845858Z	
2025-04-09T19:35:46.84598Z	[7m18[0m     constructor(private dataAttrValue: string) {
2025-04-09T19:35:46.846045Z	[7m  [0m [93m                        ~~~~~~~~~~~~~[0m
2025-04-09T19:35:46.846554Z	
2025-04-09T19:35:47.479548Z	[96msrc/components/ui/starlight/Head.astro[0m:[93m2[0m:[93m15[0m - [93mwarning[0m[90m ts(6385): [0m'Props' is deprecated.
2025-04-09T19:35:47.479882Z	
2025-04-09T19:35:47.480034Z	[7m2[0m import type { Props } from '@astrojs/starlight/props';
2025-04-09T19:35:47.480219Z	[7m [0m [93m              ~~~~~[0m
2025-04-09T19:35:47.480328Z	
2025-04-09T19:35:47.497347Z	[96msrc/components/ui/starlight/MobileMenuFooter.astro[0m:[93m5[0m:[93m15[0m - [93mwarning[0m[90m ts(6385): [0m'Props' is deprecated.
2025-04-09T19:35:47.497503Z	
2025-04-09T19:35:47.497921Z	[7m5[0m import type { Props } from "@astrojs/starlight/props";
2025-04-09T19:35:47.498006Z	[7m [0m [93m              ~~~~~[0m
2025-04-09T19:35:47.498065Z	
2025-04-09T19:35:47.517572Z	[96msrc/components/ui/starlight/SiteTitle.astro[0m:[93m4[0m:[93m15[0m - [93mwarning[0m[90m ts(6385): [0m'Props' is deprecated.
2025-04-09T19:35:47.51791Z	
2025-04-09T19:35:47.518021Z	[7m4[0m import type { Props } from "@astrojs/starlight/props";
2025-04-09T19:35:47.51819Z	[7m [0m [93m              ~~~~~[0m
2025-04-09T19:35:47.518338Z	
2025-04-09T19:35:47.669373Z	[96msrc/layouts/MainLayout.astro[0m:[93m5[0m:[93m1[0m - [93mwarning[0m[90m ts(6133): [0m'FooterSection' is declared but its value is never read.
2025-04-09T19:35:47.66968Z	
2025-04-09T19:35:47.669854Z	[7m5[0m import FooterSection from "@components/sections/navbar&footer/FooterSection.astro";
2025-04-09T19:35:47.669924Z	[7m [0m [93m~~~~~~~~~~~~~~~~~~~~~~~~~~~~~~~~~~~~~~~~~~~~~~~~~~~~~~~~~~~~~~~~~~~~~~~~~~~~~~~~~~~[0m
2025-04-09T19:35:47.670028Z	[96msrc/layouts/MainLayout.astro[0m:[93m4[0m:[93m1[0m - [93mwarning[0m[90m ts(6133): [0m'Navbar' is declared but its value is never read.
2025-04-09T19:35:47.670145Z	
2025-04-09T19:35:47.670288Z	[7m4[0m import Navbar from "@components/sections/navbar&footer/Navbar.astro";
2025-04-09T19:35:47.670398Z	[7m [0m [93m~~~~~~~~~~~~~~~~~~~~~~~~~~~~~~~~~~~~~~~~~~~~~~~~~~~~~~~~~~~~~~~~~~~~~[0m
2025-04-09T19:35:47.670507Z	
2025-04-09T19:35:47.759776Z	[96msrc/pages/drawermenu.astro[0m:[93m3[0m:[93m1[0m - [93mwarning[0m[90m ts(6133): [0m'MenuItem' is declared but its value is never read.
2025-04-09T19:35:47.760031Z	
2025-04-09T19:35:47.760146Z	[7m3[0m import MenuItem from "../components/Menu/MenuItem.astro";
2025-04-09T19:35:47.760292Z	[7m [0m [93m~~~~~~~~~~~~~~~~~~~~~~~~~~~~~~~~~~~~~~~~~~~~~~~~~~~~~~~~~[0m
2025-04-09T19:35:47.760393Z	
2025-04-09T19:35:47.793643Z	[96msrc/pages/index.astro[0m:[93m6[0m:[93m1[0m - [93mwarning[0m[90m ts(6133): [0m'partnersData' is declared but its value is never read.
2025-04-09T19:35:47.793897Z	
2025-04-09T19:35:47.794018Z	[7m6[0m import { partnersData } from "@/data_files/constants";
2025-04-09T19:35:47.794098Z	[7m [0m [93m~~~~~~~~~~~~~~~~~~~~~~~~~~~~~~~~~~~~~~~~~~~~~~~~~~~~~~[0m
2025-04-09T19:35:47.794158Z	
2025-04-09T19:35:47.852917Z	[96msrc/pages/test.astro[0m:[93m4[0m:[93m31[0m - [91merror[0m[90m ts(2307): [0mCannot find module '@components/ui/drawers/VaulDrawerWrapper' or its corresponding type declarations.
2025-04-09T19:35:47.85354Z	
2025-04-09T19:35:47.853719Z	[7m4[0m import VaulDrawerWrapper from "@components/ui/drawers/VaulDrawerWrapper";
2025-04-09T19:35:47.853871Z	[7m [0m [91m                              ~~~~~~~~~~~~~~~~~~~~~~~~~~~~~~~~~~~~~~~~~~[0m
2025-04-09T19:35:47.853991Z	[96msrc/pages/test.astro[0m:[93m4[0m:[93m1[0m - [93mwarning[0m[90m ts(6133): [0m'VaulDrawerWrapper' is declared but its value is never read.
2025-04-09T19:35:47.854073Z	
2025-04-09T19:35:47.854129Z	[7m4[0m import VaulDrawerWrapper from "@components/ui/drawers/VaulDrawerWrapper";
2025-04-09T19:35:47.854185Z	[7m [0m [93m~~~~~~~~~~~~~~~~~~~~~~~~~~~~~~~~~~~~~~~~~~~~~~~~~~~~~~~~~~~~~~~~~~~~~~~~~[0m
2025-04-09T19:35:47.854238Z	
2025-04-09T19:35:48.27651Z	[96msrc/pages/fr/insights/[...slug].astro[0m:[93m177[0m:[93m50[0m - [93mwarning[0m[90m ts(6133): [0m'event' is declared but its value is never read.
2025-04-09T19:35:48.276846Z	
2025-04-09T19:35:48.277005Z	[7m177[0m   document.addEventListener("DOMContentLoaded", (event) => {
2025-04-09T19:35:48.277129Z	[7m   [0m [93m                                                 ~~~~~[0m
2025-04-09T19:35:48.277227Z	
2025-04-09T19:35:48.340668Z	[96msrc/pages/fr/insights/[id].astro[0m:[93m177[0m:[93m50[0m - [93mwarning[0m[90m ts(6133): [0m'event' is declared but its value is never read.
2025-04-09T19:35:48.34095Z	
2025-04-09T19:35:48.341155Z	[7m177[0m   document.addEventListener("DOMContentLoaded", (event) => {
2025-04-09T19:35:48.341292Z	[7m   [0m [93m                                                 ~~~~~[0m
2025-04-09T19:35:48.341422Z	
2025-04-09T19:35:48.593516Z	[96msrc/pages/insights/[id].astro[0m:[93m179[0m:[93m50[0m - [93mwarning[0m[90m ts(6133): [0m'event' is declared but its value is never read.
2025-04-09T19:35:48.594273Z	
2025-04-09T19:35:48.594629Z	[7m179[0m   document.addEventListener("DOMContentLoaded", (event) => {
2025-04-09T19:35:48.594764Z	[7m   [0m [93m                                                 ~~~~~[0m
2025-04-09T19:35:48.59484Z	
2025-04-09T19:35:48.753367Z	Result (138 files): 
2025-04-09T19:35:48.753595Z	- 1 error
2025-04-09T19:35:48.753815Z	- 0 warnings
2025-04-09T19:35:48.754045Z	- 126 hints
2025-04-09T19:35:48.754168Z	
2025-04-09T19:35:48.801004Z	Failed: Error while executing user command. Exited with error code: 1
2025-04-09T19:35:48.810025Z	Failed: build command exited with code: 1
2025-04-09T19:35:50.507261Z	Failed: error occurred while running build command